# JRE version: OpenJDK Runtime Environment (11.0.12+7) (build 11.0.12+7-b1504.28-7817840)
# Java VM: OpenJDK 64-Bit Server VM (11.0.12+7-b1504.28-7817840, mixed mode, tiered, compressed oops, g1 gc, windows-amd64)
Heap:
 garbage-first heap   total 157696K, used 94272K [0x0000000080000000, 0x0000000100000000)
  region size 1024K, 24 young (24576K), 5 survivors (5120K)
 Metaspace       used 87366K, capacity 89492K, committed 90156K, reserved 1126400K
  class space    used 11410K, capacity 12209K, committed 12416K, reserved 1048576K
GC Heap History (20 events):
Event: 3.534 GC heap before
{Heap before GC invocations=8 (full 0):
 garbage-first heap   total 131072K, used 93908K [0x0000000080000000, 0x0000000100000000)
  region size 1024K, 75 young (76800K), 10 survivors (10240K)
 Metaspace       used 46350K, capacity 47448K, committed 47616K, reserved 1091584K
  class space    used 5978K, capacity 6369K, committed 6400K, reserved 1048576K
}
Event: 3.539 GC heap after
{Heap after GC invocations=9 (full 0):
 garbage-first heap   total 157696K, used 30073K [0x0000000080000000, 0x0000000100000000)
  region size 1024K, 8 young (8192K), 8 survivors (8192K)
 Metaspace       used 46350K, capacity 47448K, committed 47616K, reserved 1091584K
  class space    used 5978K, capacity 6369K, committed 6400K, reserved 1048576K
}
Event: 4.131 GC heap before
{Heap before GC invocations=9 (full 0):
 garbage-first heap   total 157696K, used 109945K [0x0000000080000000, 0x0000000100000000)
  region size 1024K, 83 young (84992K), 8 survivors (8192K)
 Metaspace       used 49158K, capacity 50375K, committed 50560K, reserved 1093632K
  class space    used 6315K, capacity 6776K, committed 6784K, reserved 1048576K
}
Event: 4.136 GC heap after
{Heap after GC invocations=10 (full 0):
 garbage-first heap   total 157696K, used 42720K [0x0000000080000000, 0x0000000100000000)
  region size 1024K, 11 young (11264K), 11 survivors (11264K)
 Metaspace       used 49158K, capacity 50375K, committed 50560K, reserved 1093632K
  class space    used 6315K, capacity 6776K, committed 6784K, reserved 1048576K
}
Event: 4.771 GC heap before
{Heap before GC invocations=10 (full 0):
 garbage-first heap   total 157696K, used 107232K [0x0000000080000000, 0x0000000100000000)
  region size 1024K, 75 young (76800K), 11 survivors (11264K)
 Metaspace       used 58371K, capacity 59760K, committed 59948K, reserved 1101824K
  class space    used 7457K, capacity 7981K, committed 8064K, reserved 1048576K
}
Event: 4.782 GC heap after
{Heap after GC invocations=11 (full 0):
 garbage-first heap   total 157696K, used 45444K [0x0000000080000000, 0x0000000100000000)
  region size 1024K, 3 young (3072K), 3 survivors (3072K)
 Metaspace       used 58371K, capacity 59760K, committed 59948K, reserved 1101824K
  class space    used 7457K, capacity 7981K, committed 8064K, reserved 1048576K
}
Event: 5.403 GC heap before
{Heap before GC invocations=12 (full 0):
 garbage-first heap   total 157696K, used 116100K [0x0000000080000000, 0x0000000100000000)
  region size 1024K, 72 young (73728K), 3 survivors (3072K)
 Metaspace       used 65082K, capacity 66592K, committed 66732K, reserved 1107968K
  class space    used 8309K, capacity 8881K, committed 8960K, reserved 1048576K
}
Event: 5.409 GC heap after
{Heap after GC invocations=13 (full 0):
 garbage-first heap   total 157696K, used 50150K [0x0000000080000000, 0x0000000100000000)
  region size 1024K, 8 young (8192K), 8 survivors (8192K)
 Metaspace       used 65082K, capacity 66592K, committed 66732K, reserved 1107968K
  class space    used 8309K, capacity 8881K, committed 8960K, reserved 1048576K
}
Event: 5.982 GC heap before
{Heap before GC invocations=14 (full 0):
 garbage-first heap   total 157696K, used 118758K [0x0000000080000000, 0x0000000100000000)
  region size 1024K, 75 young (76800K), 8 survivors (8192K)
 Metaspace       used 69783K, capacity 71403K, committed 71596K, reserved 1112064K
  class space    used 9099K, capacity 9713K, committed 9728K, reserved 1048576K
}
Event: 5.988 GC heap after
{Heap after GC invocations=15 (full 0):
 garbage-first heap   total 157696K, used 55782K [0x0000000080000000, 0x0000000100000000)
  region size 1024K, 6 young (6144K), 6 survivors (6144K)
 Metaspace       used 69783K, capacity 71403K, committed 71596K, reserved 1112064K
  class space    used 9099K, capacity 9713K, committed 9728K, reserved 1048576K
}
Event: 6.629 GC heap before
{Heap before GC invocations=15 (full 0):
 garbage-first heap   total 157696K, used 122342K [0x0000000080000000, 0x0000000100000000)
  region size 1024K, 71 young (72704K), 6 survivors (6144K)
 Metaspace       used 76693K, capacity 78491K, committed 78508K, reserved 1118208K
  class space    used 10080K, capacity 10740K, committed 10752K, reserved 1048576K
}
Event: 6.633 GC heap after
{Heap after GC invocations=16 (full 0):
 garbage-first heap   total 157696K, used 59600K [0x0000000080000000, 0x0000000100000000)
  region size 1024K, 5 young (5120K), 5 survivors (5120K)
 Metaspace       used 76693K, capacity 78491K, committed 78508K, reserved 1118208K
  class space    used 10080K, capacity 10740K, committed 10752K, reserved 1048576K
}
Event: 7.117 GC heap before
{Heap before GC invocations=16 (full 0):
 garbage-first heap   total 157696K, used 124112K [0x0000000080000000, 0x0000000100000000)
  region size 1024K, 69 young (70656K), 5 survivors (5120K)
 Metaspace       used 81022K, capacity 83249K, committed 83500K, reserved 1122304K
  class space    used 10774K, capacity 11606K, committed 11648K, reserved 1048576K
}
Event: 7.122 GC heap after
{Heap after GC invocations=17 (full 0):
 garbage-first heap   total 157696K, used 63972K [0x0000000080000000, 0x0000000100000000)
  region size 1024K, 9 young (9216K), 9 survivors (9216K)
 Metaspace       used 81022K, capacity 83249K, committed 83500K, reserved 1122304K
  class space    used 10774K, capacity 11606K, committed 11648K, reserved 1048576K
}
Event: 7.406 GC heap before
{Heap before GC invocations=17 (full 0):
 garbage-first heap   total 157696K, used 125412K [0x0000000080000000, 0x0000000100000000)
  region size 1024K, 70 young (71680K), 9 survivors (9216K)
 Metaspace       used 81873K, capacity 84150K, committed 84396K, reserved 1122304K
  class space    used 10832K, capacity 11708K, committed 11776K, reserved 1048576K
}
Event: 7.411 GC heap after
{Heap after GC invocations=18 (full 0):
 garbage-first heap   total 157696K, used 68501K [0x0000000080000000, 0x0000000100000000)
  region size 1024K, 5 young (5120K), 5 survivors (5120K)
 Metaspace       used 81873K, capacity 84150K, committed 84396K, reserved 1122304K
  class space    used 10832K, capacity 11708K, committed 11776K, reserved 1048576K
}
Event: 7.602 GC heap before
{Heap before GC invocations=18 (full 0):
 garbage-first heap   total 157696K, used 125845K [0x0000000080000000, 0x0000000100000000)
  region size 1024K, 62 young (63488K), 5 survivors (5120K)
 Metaspace       used 84231K, capacity 86509K, committed 86700K, reserved 1124352K
  class space    used 11079K, capacity 11966K, committed 12032K, reserved 1048576K
}
Event: 7.606 GC heap after
{Heap after GC invocations=19 (full 0):
 garbage-first heap   total 157696K, used 71781K [0x0000000080000000, 0x0000000100000000)
  region size 1024K, 4 young (4096K), 4 survivors (4096K)
 Metaspace       used 84231K, capacity 86509K, committed 86700K, reserved 1124352K
  class space    used 11079K, capacity 11966K, committed 12032K, reserved 1048576K
}
Event: 7.671 GC heap before
{Heap before GC invocations=19 (full 0):
 garbage-first heap   total 157696K, used 96357K [0x0000000080000000, 0x0000000100000000)
  region size 1024K, 28 young (28672K), 4 survivors (4096K)
 Metaspace       used 85454K, capacity 87752K, committed 87852K, reserved 1124352K
  class space    used 11221K, capacity 12104K, committed 12160K, reserved 1048576K
}
Event: 7.674 GC heap after
{Heap after GC invocations=20 (full 0):
 garbage-first heap   total 157696K, used 74816K [0x0000000080000000, 0x0000000100000000)
  region size 1024K, 5 young (5120K), 5 survivors (5120K)
 Metaspace       used 85454K, capacity 87752K, committed 87852K, reserved 1124352K
  class space    used 11221K, capacity 12104K, committed 12160K, reserved 1048576K
}

