# JRE version: OpenJDK Runtime Environment (11.0.12+7) (build 11.0.12+7-b1504.28-7817840)
# Java VM: OpenJDK 64-Bit Server VM (11.0.12+7-b1504.28-7817840, mixed mode, tiered, compressed oops, g1 gc, windows-amd64)
Heap:
 garbage-first heap   total 157696K, used 104835K [0x0000000080000000, 0x0000000100000000)
  region size 1024K, 18 young (18432K), 4 survivors (4096K)
 Metaspace       used 91851K, capacity 94074K, committed 94636K, reserved 1130496K
  class space    used 11971K, capacity 12797K, committed 13056K, reserved 1048576K
GC Heap History (20 events):
Event: 4.435 GC heap before
{Heap before GC invocations=10 (full 0):
 garbage-first heap   total 157696K, used 111183K [0x0000000080000000, 0x0000000100000000)
  region size 1024K, 79 young (80896K), 9 survivors (9216K)
 Metaspace       used 57399K, capacity 58854K, committed 59136K, reserved 1099776K
  class space    used 7327K, capacity 7845K, committed 7936K, reserved 1048576K
}
Event: 4.441 GC heap after
{Heap after GC invocations=11 (full 0):
 garbage-first heap   total 157696K, used 45141K [0x0000000080000000, 0x0000000100000000)
  region size 1024K, 6 young (6144K), 6 survivors (6144K)
 Metaspace       used 57399K, capacity 58854K, committed 59136K, reserved 1099776K
  class space    used 7327K, capacity 7845K, committed 7936K, reserved 1048576K
}
Event: 4.506 GC heap before
{Heap before GC invocations=11 (full 0):
 garbage-first heap   total 157696K, used 51285K [0x0000000080000000, 0x0000000100000000)
  region size 1024K, 13 young (13312K), 6 survivors (6144K)
 Metaspace       used 58384K, capacity 59817K, committed 59948K, reserved 1101824K
  class space    used 7464K, capacity 7996K, committed 8064K, reserved 1048576K
}
Event: 4.509 GC heap after
{Heap after GC invocations=12 (full 0):
 garbage-first heap   total 157696K, used 44999K [0x0000000080000000, 0x0000000100000000)
  region size 1024K, 6 young (6144K), 6 survivors (6144K)
 Metaspace       used 58384K, capacity 59817K, committed 59948K, reserved 1101824K
  class space    used 7464K, capacity 7996K, committed 8064K, reserved 1048576K
}
Event: 5.155 GC heap before
{Heap before GC invocations=13 (full 0):
 garbage-first heap   total 157696K, used 115655K [0x0000000080000000, 0x0000000100000000)
  region size 1024K, 75 young (76800K), 6 survivors (6144K)
 Metaspace       used 65047K, capacity 66557K, committed 66732K, reserved 1107968K
  class space    used 8303K, capacity 8887K, committed 8960K, reserved 1048576K
}
Event: 5.160 GC heap after
{Heap after GC invocations=14 (full 0):
 garbage-first heap   total 157696K, used 49893K [0x0000000080000000, 0x0000000100000000)
  region size 1024K, 10 young (10240K), 10 survivors (10240K)
 Metaspace       used 65047K, capacity 66557K, committed 66732K, reserved 1107968K
  class space    used 8303K, capacity 8887K, committed 8960K, reserved 1048576K
}
Event: 5.748 GC heap before
{Heap before GC invocations=14 (full 0):
 garbage-first heap   total 157696K, used 119525K [0x0000000080000000, 0x0000000100000000)
  region size 1024K, 78 young (79872K), 10 survivors (10240K)
 Metaspace       used 69870K, capacity 71428K, committed 71596K, reserved 1112064K
  class space    used 9105K, capacity 9715K, committed 9728K, reserved 1048576K
}
Event: 5.754 GC heap after
{Heap after GC invocations=15 (full 0):
 garbage-first heap   total 157696K, used 55777K [0x0000000080000000, 0x0000000100000000)
  region size 1024K, 6 young (6144K), 6 survivors (6144K)
 Metaspace       used 69870K, capacity 71428K, committed 71596K, reserved 1112064K
  class space    used 9105K, capacity 9715K, committed 9728K, reserved 1048576K
}
Event: 6.401 GC heap before
{Heap before GC invocations=15 (full 0):
 garbage-first heap   total 157696K, used 122337K [0x0000000080000000, 0x0000000100000000)
  region size 1024K, 71 young (72704K), 6 survivors (6144K)
 Metaspace       used 76655K, capacity 78423K, committed 78508K, reserved 1118208K
  class space    used 10073K, capacity 10735K, committed 10752K, reserved 1048576K
}
Event: 6.406 GC heap after
{Heap after GC invocations=16 (full 0):
 garbage-first heap   total 157696K, used 59862K [0x0000000080000000, 0x0000000100000000)
  region size 1024K, 5 young (5120K), 5 survivors (5120K)
 Metaspace       used 76655K, capacity 78423K, committed 78508K, reserved 1118208K
  class space    used 10073K, capacity 10735K, committed 10752K, reserved 1048576K
}
Event: 6.961 GC heap before
{Heap before GC invocations=16 (full 0):
 garbage-first heap   total 157696K, used 124374K [0x0000000080000000, 0x0000000100000000)
  region size 1024K, 68 young (69632K), 5 survivors (5120K)
 Metaspace       used 80891K, capacity 82969K, committed 83244K, reserved 1120256K
  class space    used 10738K, capacity 11551K, committed 11648K, reserved 1048576K
}
Event: 6.966 GC heap after
{Heap after GC invocations=17 (full 0):
 garbage-first heap   total 157696K, used 64152K [0x0000000080000000, 0x0000000100000000)
  region size 1024K, 9 young (9216K), 9 survivors (9216K)
 Metaspace       used 80891K, capacity 82969K, committed 83244K, reserved 1120256K
  class space    used 10738K, capacity 11551K, committed 11648K, reserved 1048576K
}
Event: 7.382 GC heap before
{Heap before GC invocations=17 (full 0):
 garbage-first heap   total 157696K, used 124568K [0x0000000080000000, 0x0000000100000000)
  region size 1024K, 69 young (70656K), 9 survivors (9216K)
 Metaspace       used 83680K, capacity 85875K, committed 86060K, reserved 1124352K
  class space    used 11011K, capacity 11842K, committed 11904K, reserved 1048576K
}
Event: 7.387 GC heap after
{Heap after GC invocations=18 (full 0):
 garbage-first heap   total 157696K, used 67390K [0x0000000080000000, 0x0000000100000000)
  region size 1024K, 4 young (4096K), 4 survivors (4096K)
 Metaspace       used 83680K, capacity 85875K, committed 86060K, reserved 1124352K
  class space    used 11011K, capacity 11842K, committed 11904K, reserved 1048576K
}
Event: 7.746 GC heap before
{Heap before GC invocations=18 (full 0):
 garbage-first heap   total 157696K, used 126782K [0x0000000080000000, 0x0000000100000000)
  region size 1024K, 63 young (64512K), 4 survivors (4096K)
 Metaspace       used 87491K, capacity 89774K, committed 89900K, reserved 1126400K
  class space    used 11508K, capacity 12372K, committed 12416K, reserved 1048576K
}
Event: 7.750 GC heap after
{Heap after GC invocations=19 (full 0):
 garbage-first heap   total 157696K, used 70129K [0x0000000080000000, 0x0000000100000000)
  region size 1024K, 7 young (7168K), 7 survivors (7168K)
 Metaspace       used 87491K, capacity 89774K, committed 89900K, reserved 1126400K
  class space    used 11508K, capacity 12372K, committed 12416K, reserved 1048576K
}
Event: 8.017 GC heap before
{Heap before GC invocations=19 (full 0):
 garbage-first heap   total 157696K, used 131569K [0x0000000080000000, 0x0000000100000000)
  region size 1024K, 64 young (65536K), 7 survivors (7168K)
 Metaspace       used 88671K, capacity 90935K, committed 91052K, reserved 1128448K
  class space    used 11604K, capacity 12434K, committed 12544K, reserved 1048576K
}
Event: 8.023 GC heap after
{Heap after GC invocations=20 (full 0):
 garbage-first heap   total 157696K, used 79996K [0x0000000080000000, 0x0000000100000000)
  region size 1024K, 8 young (8192K), 8 survivors (8192K)
 Metaspace       used 88671K, capacity 90935K, committed 91052K, reserved 1128448K
  class space    used 11604K, capacity 12434K, committed 12544K, reserved 1048576K
}
Event: 8.200 GC heap before
{Heap before GC invocations=20 (full 0):
 garbage-first heap   total 157696K, used 114812K [0x0000000080000000, 0x0000000100000000)
  region size 1024K, 44 young (45056K), 8 survivors (8192K)
 Metaspace       used 91595K, capacity 93926K, committed 94252K, reserved 1130496K
  class space    used 11969K, capacity 12854K, committed 12928K, reserved 1048576K
}
Event: 8.206 GC heap after
{Heap after GC invocations=21 (full 0):
 garbage-first heap   total 157696K, used 83331K [0x0000000080000000, 0x0000000100000000)
  region size 1024K, 4 young (4096K), 4 survivors (4096K)
 Metaspace       used 91595K, capacity 93926K, committed 94252K, reserved 1130496K
  class space    used 11969K, capacity 12854K, committed 12928K, reserved 1048576K
}

