# JRE version: OpenJDK Runtime Environment (11.0.12+7) (build 11.0.12+7-b1504.28-7817840)
# Java VM: OpenJDK 64-Bit Server VM (11.0.12+7-b1504.28-7817840, mixed mode, tiered, compressed oops, g1 gc, windows-amd64)
Heap:
 garbage-first heap   total 189440K, used 135995K [0x0000000080000000, 0x0000000100000000)
  region size 1024K, 10 young (10240K), 2 survivors (2048K)
 Metaspace       used 97237K, capacity 99527K, committed 100140K, reserved 1136640K
  class space    used 12794K, capacity 13701K, committed 13952K, reserved 1048576K
GC Heap History (20 events):
Event: 8.509 GC heap before
{Heap before GC invocations=20 (full 0):
 garbage-first heap   total 157696K, used 92908K [0x0000000080000000, 0x0000000100000000)
  region size 1024K, 25 young (25600K), 7 survivors (7168K)
 Metaspace       used 88476K, capacity 90728K, committed 91052K, reserved 1128448K
  class space    used 11601K, capacity 12452K, committed 12544K, reserved 1048576K
}
Event: 8.513 GC heap after
{Heap after GC invocations=21 (full 0):
 garbage-first heap   total 157696K, used 79129K [0x0000000080000000, 0x0000000100000000)
  region size 1024K, 3 young (3072K), 3 survivors (3072K)
 Metaspace       used 88476K, capacity 90728K, committed 91052K, reserved 1128448K
  class space    used 11601K, capacity 12452K, committed 12544K, reserved 1048576K
}
Event: 8.727 GC heap before
{Heap before GC invocations=22 (full 0):
 garbage-first heap   total 157696K, used 118041K [0x0000000080000000, 0x0000000100000000)
  region size 1024K, 42 young (43008K), 3 survivors (3072K)
 Metaspace       used 91369K, capacity 93552K, committed 94252K, reserved 1130496K
  class space    used 11889K, capacity 12679K, committed 12928K, reserved 1048576K
}
Event: 8.731 GC heap after
{Heap after GC invocations=23 (full 0):
 garbage-first heap   total 157696K, used 83658K [0x0000000080000000, 0x0000000100000000)
  region size 1024K, 7 young (7168K), 7 survivors (7168K)
 Metaspace       used 91369K, capacity 93552K, committed 94252K, reserved 1130496K
  class space    used 11889K, capacity 12679K, committed 12928K, reserved 1048576K
}
Event: 9.014 GC heap before
{Heap before GC invocations=24 (full 0):
 garbage-first heap   total 157696K, used 134858K [0x0000000080000000, 0x0000000100000000)
  region size 1024K, 49 young (50176K), 7 survivors (7168K)
 Metaspace       used 94065K, capacity 96365K, committed 96556K, reserved 1132544K
  class space    used 12459K, capacity 13365K, committed 13440K, reserved 1048576K
}
Event: 9.024 GC heap after
{Heap after GC invocations=25 (full 0):
 garbage-first heap   total 157696K, used 100625K [0x0000000080000000, 0x0000000100000000)
  region size 1024K, 7 young (7168K), 7 survivors (7168K)
 Metaspace       used 94065K, capacity 96365K, committed 96556K, reserved 1132544K
  class space    used 12459K, capacity 13365K, committed 13440K, reserved 1048576K
}
Event: 9.097 GC heap before
{Heap before GC invocations=25 (full 0):
 garbage-first heap   total 157696K, used 127249K [0x0000000080000000, 0x0000000100000000)
  region size 1024K, 34 young (34816K), 7 survivors (7168K)
 Metaspace       used 94386K, capacity 96746K, committed 96812K, reserved 1132544K
  class space    used 12485K, capacity 13406K, committed 13440K, reserved 1048576K
}
Event: 9.111 GC heap after
{Heap after GC invocations=26 (full 0):
 garbage-first heap   total 157696K, used 113282K [0x0000000080000000, 0x0000000100000000)
  region size 1024K, 5 young (5120K), 5 survivors (5120K)
 Metaspace       used 94386K, capacity 96746K, committed 96812K, reserved 1132544K
  class space    used 12485K, capacity 13406K, committed 13440K, reserved 1048576K
}
Event: 9.157 GC heap before
{Heap before GC invocations=26 (full 0):
 garbage-first heap   total 157696K, used 128642K [0x0000000080000000, 0x0000000100000000)
  region size 1024K, 20 young (20480K), 5 survivors (5120K)
 Metaspace       used 94500K, capacity 96824K, committed 97068K, reserved 1132544K
  class space    used 12485K, capacity 13406K, committed 13440K, reserved 1048576K
}
Event: 9.164 GC heap after
{Heap after GC invocations=27 (full 0):
 garbage-first heap   total 157696K, used 121673K [0x0000000080000000, 0x0000000100000000)
  region size 1024K, 3 young (3072K), 3 survivors (3072K)
 Metaspace       used 94500K, capacity 96824K, committed 97068K, reserved 1132544K
  class space    used 12485K, capacity 13406K, committed 13440K, reserved 1048576K
}
Event: 9.274 GC heap before
{Heap before GC invocations=28 (full 0):
 garbage-first heap   total 157696K, used 131913K [0x0000000080000000, 0x0000000100000000)
  region size 1024K, 13 young (13312K), 3 survivors (3072K)
 Metaspace       used 95197K, capacity 97555K, committed 97708K, reserved 1134592K
  class space    used 12595K, capacity 13522K, committed 13568K, reserved 1048576K
}
Event: 9.278 GC heap after
{Heap after GC invocations=29 (full 0):
 garbage-first heap   total 157696K, used 126341K [0x0000000080000000, 0x0000000100000000)
  region size 1024K, 2 young (2048K), 2 survivors (2048K)
 Metaspace       used 95197K, capacity 97555K, committed 97708K, reserved 1134592K
  class space    used 12595K, capacity 13522K, committed 13568K, reserved 1048576K
}
Event: 9.383 GC heap before
{Heap before GC invocations=29 (full 0):
 garbage-first heap   total 157696K, used 133509K [0x0000000080000000, 0x0000000100000000)
  region size 1024K, 9 young (9216K), 2 survivors (2048K)
 Metaspace       used 96555K, capacity 99049K, committed 99244K, reserved 1134592K
  class space    used 12798K, capacity 13761K, committed 13824K, reserved 1048576K
}
Event: 9.387 GC heap after
{Heap after GC invocations=30 (full 0):
 garbage-first heap   total 189440K, used 127653K [0x0000000080000000, 0x0000000100000000)
  region size 1024K, 1 young (1024K), 1 survivors (1024K)
 Metaspace       used 96555K, capacity 99049K, committed 99244K, reserved 1134592K
  class space    used 12798K, capacity 13761K, committed 13824K, reserved 1048576K
}
Event: 9.579 GC heap before
{Heap before GC invocations=31 (full 0):
 garbage-first heap   total 189440K, used 140965K [0x0000000080000000, 0x0000000100000000)
  region size 1024K, 18 young (18432K), 1 survivors (1024K)
 Metaspace       used 97118K, capacity 99582K, committed 99756K, reserved 1134592K
  class space    used 12839K, capacity 13792K, committed 13824K, reserved 1048576K
}
Event: 9.585 GC heap after
{Heap after GC invocations=32 (full 0):
 garbage-first heap   total 189440K, used 125768K [0x0000000080000000, 0x0000000100000000)
  region size 1024K, 3 young (3072K), 3 survivors (3072K)
 Metaspace       used 97118K, capacity 99582K, committed 99756K, reserved 1134592K
  class space    used 12839K, capacity 13792K, committed 13824K, reserved 1048576K
}
Event: 9.607 GC heap before
{Heap before GC invocations=32 (full 0):
 garbage-first heap   total 189440K, used 131912K [0x0000000080000000, 0x0000000100000000)
  region size 1024K, 9 young (9216K), 3 survivors (3072K)
 Metaspace       used 97219K, capacity 99716K, committed 99884K, reserved 1134592K
  class space    used 12851K, capacity 13836K, committed 13952K, reserved 1048576K
}
Event: 9.611 GC heap after
{Heap after GC invocations=33 (full 0):
 garbage-first heap   total 189440K, used 125596K [0x0000000080000000, 0x0000000100000000)
  region size 1024K, 1 young (1024K), 1 survivors (1024K)
 Metaspace       used 97219K, capacity 99716K, committed 99884K, reserved 1134592K
  class space    used 12851K, capacity 13836K, committed 13952K, reserved 1048576K
}
Event: 9.741 GC heap before
{Heap before GC invocations=33 (full 0):
 garbage-first heap   total 189440K, used 135836K [0x0000000080000000, 0x0000000100000000)
  region size 1024K, 13 young (13312K), 1 survivors (1024K)
 Metaspace       used 97473K, capacity 99934K, committed 100140K, reserved 1136640K
  class space    used 12874K, capacity 13840K, committed 13952K, reserved 1048576K
}
Event: 9.745 GC heap after
{Heap after GC invocations=34 (full 0):
 garbage-first heap   total 189440K, used 126779K [0x0000000080000000, 0x0000000100000000)
  region size 1024K, 2 young (2048K), 2 survivors (2048K)
 Metaspace       used 97473K, capacity 99934K, committed 100140K, reserved 1136640K
  class space    used 12874K, capacity 13840K, committed 13952K, reserved 1048576K
}

