# JRE version: OpenJDK Runtime Environment (11.0.12+7) (build 11.0.12+7-b1504.28-7817840)
# Java VM: OpenJDK 64-Bit Server VM (11.0.12+7-b1504.28-7817840, mixed mode, tiered, compressed oops, g1 gc, windows-amd64)
Heap:
 garbage-first heap   total 189440K, used 128000K [0x0000000080000000, 0x0000000100000000)
  region size 1024K, 11 young (11264K), 7 survivors (7168K)
 Metaspace       used 95487K, capacity 98060K, committed 98424K, reserved 1134592K
  class space    used 12676K, capacity 13661K, committed 13772K, reserved 1048576K
GC Heap History (20 events):
Event: 5.464 GC heap before
{Heap before GC invocations=14 (full 0):
 garbage-first heap   total 157696K, used 101772K [0x0000000080000000, 0x0000000100000000)
  region size 1024K, 57 young (58368K), 2 survivors (2048K)
 Metaspace       used 63954K, capacity 65456K, committed 65784K, reserved 1105920K
  class space    used 8123K, capacity 8655K, committed 8780K, reserved 1048576K
}
Event: 5.469 GC heap after
{Heap after GC invocations=15 (full 0):
 garbage-first heap   total 157696K, used 50978K [0x0000000080000000, 0x0000000100000000)
  region size 1024K, 7 young (7168K), 7 survivors (7168K)
 Metaspace       used 63954K, capacity 65456K, committed 65784K, reserved 1105920K
  class space    used 8123K, capacity 8655K, committed 8780K, reserved 1048576K
}
Event: 5.807 GC heap before
{Heap before GC invocations=16 (full 0):
 garbage-first heap   total 157696K, used 108322K [0x0000000080000000, 0x0000000100000000)
  region size 1024K, 62 young (63488K), 7 survivors (7168K)
 Metaspace       used 66460K, capacity 68008K, committed 68216K, reserved 1107968K
  class space    used 8496K, capacity 9092K, committed 9164K, reserved 1048576K
}
Event: 5.812 GC heap after
{Heap after GC invocations=17 (full 0):
 garbage-first heap   total 157696K, used 55261K [0x0000000080000000, 0x0000000100000000)
  region size 1024K, 5 young (5120K), 5 survivors (5120K)
 Metaspace       used 66460K, capacity 68008K, committed 68216K, reserved 1107968K
  class space    used 8496K, capacity 9092K, committed 9164K, reserved 1048576K
}
Event: 6.386 GC heap before
{Heap before GC invocations=17 (full 0):
 garbage-first heap   total 157696K, used 112605K [0x0000000080000000, 0x0000000100000000)
  region size 1024K, 61 young (62464K), 5 survivors (5120K)
 Metaspace       used 72359K, capacity 74042K, committed 74360K, reserved 1114112K
  class space    used 9464K, capacity 10061K, committed 10188K, reserved 1048576K
}
Event: 6.390 GC heap after
{Heap after GC invocations=18 (full 0):
 garbage-first heap   total 157696K, used 58687K [0x0000000080000000, 0x0000000100000000)
  region size 1024K, 8 young (8192K), 8 survivors (8192K)
 Metaspace       used 72359K, capacity 74042K, committed 74360K, reserved 1114112K
  class space    used 9464K, capacity 10061K, committed 10188K, reserved 1048576K
}
Event: 6.888 GC heap before
{Heap before GC invocations=18 (full 0):
 garbage-first heap   total 157696K, used 116031K [0x0000000080000000, 0x0000000100000000)
  region size 1024K, 64 young (65536K), 8 survivors (8192K)
 Metaspace       used 78299K, capacity 80039K, committed 80248K, reserved 1118208K
  class space    used 10258K, capacity 10925K, committed 10956K, reserved 1048576K
}
Event: 6.893 GC heap after
{Heap after GC invocations=19 (full 0):
 garbage-first heap   total 157696K, used 62285K [0x0000000080000000, 0x0000000100000000)
  region size 1024K, 8 young (8192K), 8 survivors (8192K)
 Metaspace       used 78299K, capacity 80039K, committed 80248K, reserved 1118208K
  class space    used 10258K, capacity 10925K, committed 10956K, reserved 1048576K
}
Event: 7.254 GC heap before
{Heap before GC invocations=19 (full 0):
 garbage-first heap   total 157696K, used 118605K [0x0000000080000000, 0x0000000100000000)
  region size 1024K, 64 young (65536K), 8 survivors (8192K)
 Metaspace       used 81225K, capacity 83449K, committed 83576K, reserved 1122304K
  class space    used 10785K, capacity 11623K, committed 11724K, reserved 1048576K
}
Event: 7.261 GC heap after
{Heap after GC invocations=20 (full 0):
 garbage-first heap   total 157696K, used 66467K [0x0000000080000000, 0x0000000100000000)
  region size 1024K, 8 young (8192K), 8 survivors (8192K)
 Metaspace       used 81225K, capacity 83449K, committed 83576K, reserved 1122304K
  class space    used 10785K, capacity 11623K, committed 11724K, reserved 1048576K
}
Event: 7.687 GC heap before
{Heap before GC invocations=20 (full 0):
 garbage-first heap   total 157696K, used 121763K [0x0000000080000000, 0x0000000100000000)
  region size 1024K, 63 young (64512K), 8 survivors (8192K)
 Metaspace       used 84737K, capacity 86984K, committed 87288K, reserved 1124352K
  class space    used 11182K, capacity 12041K, committed 12108K, reserved 1048576K
}
Event: 7.692 GC heap after
{Heap after GC invocations=21 (full 0):
 garbage-first heap   total 157696K, used 69031K [0x0000000080000000, 0x0000000100000000)
  region size 1024K, 7 young (7168K), 7 survivors (7168K)
 Metaspace       used 84737K, capacity 86984K, committed 87288K, reserved 1124352K
  class space    used 11182K, capacity 12041K, committed 12108K, reserved 1048576K
}
Event: 7.999 GC heap before
{Heap before GC invocations=21 (full 0):
 garbage-first heap   total 157696K, used 124327K [0x0000000080000000, 0x0000000100000000)
  region size 1024K, 62 young (63488K), 7 survivors (7168K)
 Metaspace       used 87801K, capacity 90061K, committed 90232K, reserved 1126400K
  class space    used 11553K, capacity 12443K, committed 12492K, reserved 1048576K
}
Event: 8.004 GC heap after
{Heap after GC invocations=22 (full 0):
 garbage-first heap   total 157696K, used 72513K [0x0000000080000000, 0x0000000100000000)
  region size 1024K, 7 young (7168K), 7 survivors (7168K)
 Metaspace       used 87801K, capacity 90061K, committed 90232K, reserved 1126400K
  class space    used 11553K, capacity 12443K, committed 12492K, reserved 1048576K
}
Event: 8.226 GC heap before
{Heap before GC invocations=22 (full 0):
 garbage-first heap   total 157696K, used 129857K [0x0000000080000000, 0x0000000100000000)
  region size 1024K, 60 young (61440K), 7 survivors (7168K)
 Metaspace       used 89077K, capacity 91371K, committed 91640K, reserved 1128448K
  class space    used 11695K, capacity 12574K, committed 12620K, reserved 1048576K
}
Event: 8.232 GC heap after
{Heap after GC invocations=23 (full 0):
 garbage-first heap   total 189440K, used 82399K [0x0000000080000000, 0x0000000100000000)
  region size 1024K, 8 young (8192K), 8 survivors (8192K)
 Metaspace       used 89077K, capacity 91371K, committed 91640K, reserved 1128448K
  class space    used 11695K, capacity 12574K, committed 12620K, reserved 1048576K
}
Event: 8.695 GC heap before
{Heap before GC invocations=23 (full 0):
 garbage-first heap   total 189440K, used 157151K [0x0000000080000000, 0x0000000100000000)
  region size 1024K, 73 young (74752K), 8 survivors (8192K)
 Metaspace       used 94780K, capacity 97368K, committed 97528K, reserved 1132544K
  class space    used 12591K, capacity 13586K, committed 13644K, reserved 1048576K
}
Event: 8.706 GC heap after
{Heap after GC invocations=24 (full 0):
 garbage-first heap   total 189440K, used 102605K [0x0000000080000000, 0x0000000100000000)
  region size 1024K, 10 young (10240K), 10 survivors (10240K)
 Metaspace       used 94780K, capacity 97368K, committed 97528K, reserved 1132544K
  class space    used 12591K, capacity 13586K, committed 13644K, reserved 1048576K
}
Event: 8.849 GC heap before
{Heap before GC invocations=24 (full 0):
 garbage-first heap   total 189440K, used 146636K [0x0000000080000000, 0x0000000100000000)
  region size 1024K, 54 young (55296K), 10 survivors (10240K)
 Metaspace       used 94939K, capacity 97514K, committed 97784K, reserved 1134592K
  class space    used 12591K, capacity 13586K, committed 13644K, reserved 1048576K
}
Event: 8.865 GC heap after
{Heap after GC invocations=25 (full 0):
 garbage-first heap   total 189440K, used 124928K [0x0000000080000000, 0x0000000100000000)
  region size 1024K, 7 young (7168K), 7 survivors (7168K)
 Metaspace       used 94939K, capacity 97514K, committed 97784K, reserved 1134592K
  class space    used 12591K, capacity 13586K, committed 13644K, reserved 1048576K
}

