# JRE version: OpenJDK Runtime Environment (11.0.12+7) (build 11.0.12+7-b1504.28-7817840)
# Java VM: OpenJDK 64-Bit Server VM (11.0.12+7-b1504.28-7817840, mixed mode, tiered, compressed oops, g1 gc, windows-amd64)
Heap:
 garbage-first heap   total 189440K, used 84021K [0x0000000080000000, 0x0000000100000000)
  region size 1024K, 3 young (3072K), 3 survivors (3072K)
 Metaspace       used 91239K, capacity 93523K, committed 93612K, reserved 1130496K
  class space    used 11926K, capacity 12782K, committed 12800K, reserved 1048576K
GC Heap History (20 events):
Event: 3.735 GC heap after
{Heap after GC invocations=9 (full 0):
 garbage-first heap   total 157696K, used 30514K [0x0000000080000000, 0x0000000100000000)
  region size 1024K, 8 young (8192K), 8 survivors (8192K)
 Metaspace       used 46187K, capacity 47253K, committed 47360K, reserved 1089536K
  class space    used 5952K, capacity 6324K, committed 6400K, reserved 1048576K
}
Event: 4.242 GC heap before
{Heap before GC invocations=9 (full 0):
 garbage-first heap   total 157696K, used 109362K [0x0000000080000000, 0x0000000100000000)
  region size 1024K, 82 young (83968K), 8 survivors (8192K)
 Metaspace       used 48948K, capacity 50166K, committed 50304K, reserved 1093632K
  class space    used 6288K, capacity 6757K, committed 6784K, reserved 1048576K
}
Event: 4.248 GC heap after
{Heap after GC invocations=10 (full 0):
 garbage-first heap   total 157696K, used 43727K [0x0000000080000000, 0x0000000100000000)
  region size 1024K, 11 young (11264K), 11 survivors (11264K)
 Metaspace       used 48948K, capacity 50166K, committed 50304K, reserved 1093632K
  class space    used 6288K, capacity 6757K, committed 6784K, reserved 1048576K
}
Event: 4.878 GC heap before
{Heap before GC invocations=10 (full 0):
 garbage-first heap   total 157696K, used 111311K [0x0000000080000000, 0x0000000100000000)
  region size 1024K, 78 young (79872K), 11 survivors (11264K)
 Metaspace       used 58403K, capacity 59811K, committed 59948K, reserved 1101824K
  class space    used 7463K, capacity 7996K, committed 8064K, reserved 1048576K
}
Event: 4.891 GC heap after
{Heap after GC invocations=11 (full 0):
 garbage-first heap   total 157696K, used 46194K [0x0000000080000000, 0x0000000100000000)
  region size 1024K, 3 young (3072K), 3 survivors (3072K)
 Metaspace       used 58403K, capacity 59811K, committed 59948K, reserved 1101824K
  class space    used 7463K, capacity 7996K, committed 8064K, reserved 1048576K
}
Event: 5.501 GC heap before
{Heap before GC invocations=12 (full 0):
 garbage-first heap   total 157696K, used 116850K [0x0000000080000000, 0x0000000100000000)
  region size 1024K, 72 young (73728K), 3 survivors (3072K)
 Metaspace       used 65142K, capacity 66742K, committed 66988K, reserved 1107968K
  class space    used 8324K, capacity 8929K, committed 8960K, reserved 1048576K
}
Event: 5.505 GC heap after
{Heap after GC invocations=13 (full 0):
 garbage-first heap   total 157696K, used 51037K [0x0000000080000000, 0x0000000100000000)
  region size 1024K, 8 young (8192K), 8 survivors (8192K)
 Metaspace       used 65142K, capacity 66742K, committed 66988K, reserved 1107968K
  class space    used 8324K, capacity 8929K, committed 8960K, reserved 1048576K
}
Event: 6.030 GC heap before
{Heap before GC invocations=13 (full 0):
 garbage-first heap   total 157696K, used 119645K [0x0000000080000000, 0x0000000100000000)
  region size 1024K, 75 young (76800K), 8 survivors (8192K)
 Metaspace       used 69898K, capacity 71534K, committed 71724K, reserved 1112064K
  class space    used 9121K, capacity 9754K, committed 9856K, reserved 1048576K
}
Event: 6.035 GC heap after
{Heap after GC invocations=14 (full 0):
 garbage-first heap   total 157696K, used 56354K [0x0000000080000000, 0x0000000100000000)
  region size 1024K, 6 young (6144K), 6 survivors (6144K)
 Metaspace       used 69898K, capacity 71534K, committed 71724K, reserved 1112064K
  class space    used 9121K, capacity 9754K, committed 9856K, reserved 1048576K
}
Event: 6.652 GC heap before
{Heap before GC invocations=14 (full 0):
 garbage-first heap   total 157696K, used 122914K [0x0000000080000000, 0x0000000100000000)
  region size 1024K, 71 young (72704K), 6 survivors (6144K)
 Metaspace       used 75620K, capacity 77463K, committed 77612K, reserved 1116160K
  class space    used 9962K, capacity 10617K, committed 10624K, reserved 1048576K
}
Event: 6.657 GC heap after
{Heap after GC invocations=15 (full 0):
 garbage-first heap   total 157696K, used 60300K [0x0000000080000000, 0x0000000100000000)
  region size 1024K, 5 young (5120K), 5 survivors (5120K)
 Metaspace       used 75620K, capacity 77463K, committed 77612K, reserved 1116160K
  class space    used 9962K, capacity 10617K, committed 10624K, reserved 1048576K
}
Event: 7.271 GC heap before
{Heap before GC invocations=15 (full 0):
 garbage-first heap   total 157696K, used 124812K [0x0000000080000000, 0x0000000100000000)
  region size 1024K, 68 young (69632K), 5 survivors (5120K)
 Metaspace       used 80948K, capacity 83146K, committed 83500K, reserved 1122304K
  class space    used 10735K, capacity 11545K, committed 11648K, reserved 1048576K
}
Event: 7.276 GC heap after
{Heap after GC invocations=16 (full 0):
 garbage-first heap   total 157696K, used 64790K [0x0000000080000000, 0x0000000100000000)
  region size 1024K, 9 young (9216K), 9 survivors (9216K)
 Metaspace       used 80948K, capacity 83146K, committed 83500K, reserved 1122304K
  class space    used 10735K, capacity 11545K, committed 11648K, reserved 1048576K
}
Event: 7.709 GC heap before
{Heap before GC invocations=16 (full 0):
 garbage-first heap   total 157696K, used 125206K [0x0000000080000000, 0x0000000100000000)
  region size 1024K, 69 young (70656K), 9 survivors (9216K)
 Metaspace       used 83693K, capacity 85859K, committed 86060K, reserved 1124352K
  class space    used 11002K, capacity 11834K, committed 11904K, reserved 1048576K
}
Event: 7.713 GC heap after
{Heap after GC invocations=17 (full 0):
 garbage-first heap   total 157696K, used 68117K [0x0000000080000000, 0x0000000100000000)
  region size 1024K, 8 young (8192K), 8 survivors (8192K)
 Metaspace       used 83693K, capacity 85859K, committed 86060K, reserved 1124352K
  class space    used 11002K, capacity 11834K, committed 11904K, reserved 1048576K
}
Event: 8.028 GC heap before
{Heap before GC invocations=17 (full 0):
 garbage-first heap   total 157696K, used 127509K [0x0000000080000000, 0x0000000100000000)
  region size 1024K, 67 young (68608K), 8 survivors (8192K)
 Metaspace       used 87520K, capacity 89751K, committed 89900K, reserved 1126400K
  class space    used 11503K, capacity 12364K, committed 12416K, reserved 1048576K
}
Event: 8.033 GC heap after
{Heap after GC invocations=18 (full 0):
 garbage-first heap   total 157696K, used 71005K [0x0000000080000000, 0x0000000100000000)
  region size 1024K, 7 young (7168K), 7 survivors (7168K)
 Metaspace       used 87520K, capacity 89751K, committed 89900K, reserved 1126400K
  class space    used 11503K, capacity 12364K, committed 12416K, reserved 1048576K
}
Event: 8.282 GC heap before
{Heap before GC invocations=18 (full 0):
 garbage-first heap   total 157696K, used 131421K [0x0000000080000000, 0x0000000100000000)
  region size 1024K, 63 young (64512K), 7 survivors (7168K)
 Metaspace       used 89109K, capacity 91375K, committed 91564K, reserved 1128448K
  class space    used 11665K, capacity 12505K, committed 12544K, reserved 1048576K
}
Event: 8.289 GC heap after
{Heap after GC invocations=19 (full 0):
 garbage-first heap   total 157696K, used 81134K [0x0000000080000000, 0x0000000100000000)
  region size 1024K, 8 young (8192K), 8 survivors (8192K)
 Metaspace       used 89109K, capacity 91375K, committed 91564K, reserved 1128448K
  class space    used 11665K, capacity 12505K, committed 12544K, reserved 1048576K
}
Event: 8.391 GC heap before
{Heap before GC invocations=19 (full 0):
 garbage-first heap   total 157696K, used 109806K [0x0000000080000000, 0x0000000100000000)
  region size 1024K, 38 young (38912K), 8 survivors (8192K)
 Metaspace       used 91239K, capacity 93523K, committed 93612K, reserved 1130496K
  class space    used 11926K, capacity 12782K, committed 12800K, reserved 1048576K
}

