# JRE version: OpenJDK Runtime Environment (11.0.12+7) (build 11.0.12+7-b1504.28-7817840)
# Java VM: OpenJDK 64-Bit Server VM (11.0.12+7-b1504.28-7817840, mixed mode, tiered, compressed oops, g1 gc, windows-amd64)
Heap:
 garbage-first heap   total 157696K, used 120790K [0x0000000080000000, 0x0000000100000000)
  region size 1024K, 40 young (40960K), 8 survivors (8192K)
 Metaspace       used 90135K, capacity 92338K, committed 93100K, reserved 1130496K
  class space    used 11757K, capacity 12562K, committed 12800K, reserved 1048576K
GC Heap History (20 events):
Event: 3.381 GC heap before
{Heap before GC invocations=8 (full 0):
 garbage-first heap   total 131072K, used 93799K [0x0000000080000000, 0x0000000100000000)
  region size 1024K, 73 young (74752K), 9 survivors (9216K)
 Metaspace       used 46246K, capacity 47351K, committed 47616K, reserved 1091584K
  class space    used 5957K, capacity 6358K, committed 6400K, reserved 1048576K
}
Event: 3.386 GC heap after
{Heap after GC invocations=9 (full 0):
 garbage-first heap   total 157696K, used 30127K [0x0000000080000000, 0x0000000100000000)
  region size 1024K, 3 young (3072K), 3 survivors (3072K)
 Metaspace       used 46246K, capacity 47351K, committed 47616K, reserved 1091584K
  class space    used 5957K, capacity 6358K, committed 6400K, reserved 1048576K
}
Event: 3.867 GC heap before
{Heap before GC invocations=9 (full 0):
 garbage-first heap   total 157696K, used 113071K [0x0000000080000000, 0x0000000100000000)
  region size 1024K, 81 young (82944K), 3 survivors (3072K)
 Metaspace       used 49204K, capacity 50512K, committed 50688K, reserved 1093632K
  class space    used 6326K, capacity 6800K, committed 6912K, reserved 1048576K
}
Event: 3.871 GC heap after
{Heap after GC invocations=10 (full 0):
 garbage-first heap   total 157696K, used 42694K [0x0000000080000000, 0x0000000100000000)
  region size 1024K, 11 young (11264K), 11 survivors (11264K)
 Metaspace       used 49204K, capacity 50512K, committed 50688K, reserved 1093632K
  class space    used 6326K, capacity 6800K, committed 6912K, reserved 1048576K
}
Event: 4.449 GC heap before
{Heap before GC invocations=10 (full 0):
 garbage-first heap   total 157696K, used 106182K [0x0000000080000000, 0x0000000100000000)
  region size 1024K, 74 young (75776K), 11 survivors (11264K)
 Metaspace       used 58402K, capacity 59865K, committed 59948K, reserved 1101824K
  class space    used 7465K, capacity 8037K, committed 8064K, reserved 1048576K
}
Event: 4.460 GC heap after
{Heap after GC invocations=11 (full 0):
 garbage-first heap   total 157696K, used 45294K [0x0000000080000000, 0x0000000100000000)
  region size 1024K, 3 young (3072K), 3 survivors (3072K)
 Metaspace       used 58402K, capacity 59865K, committed 59948K, reserved 1101824K
  class space    used 7465K, capacity 8037K, committed 8064K, reserved 1048576K
}
Event: 5.034 GC heap before
{Heap before GC invocations=12 (full 0):
 garbage-first heap   total 157696K, used 116974K [0x0000000080000000, 0x0000000100000000)
  region size 1024K, 73 young (74752K), 3 survivors (3072K)
 Metaspace       used 65145K, capacity 66652K, committed 66732K, reserved 1107968K
  class space    used 8328K, capacity 8942K, committed 8960K, reserved 1048576K
}
Event: 5.040 GC heap after
{Heap after GC invocations=13 (full 0):
 garbage-first heap   total 157696K, used 50422K [0x0000000080000000, 0x0000000100000000)
  region size 1024K, 8 young (8192K), 8 survivors (8192K)
 Metaspace       used 65145K, capacity 66652K, committed 66732K, reserved 1107968K
  class space    used 8328K, capacity 8942K, committed 8960K, reserved 1048576K
}
Event: 5.579 GC heap before
{Heap before GC invocations=14 (full 0):
 garbage-first heap   total 157696K, used 120054K [0x0000000080000000, 0x0000000100000000)
  region size 1024K, 76 young (77824K), 8 survivors (8192K)
 Metaspace       used 69986K, capacity 71551K, committed 71980K, reserved 1112064K
  class space    used 9118K, capacity 9717K, committed 9856K, reserved 1048576K
}
Event: 5.584 GC heap after
{Heap after GC invocations=15 (full 0):
 garbage-first heap   total 157696K, used 55475K [0x0000000080000000, 0x0000000100000000)
  region size 1024K, 6 young (6144K), 6 survivors (6144K)
 Metaspace       used 69986K, capacity 71551K, committed 71980K, reserved 1112064K
  class space    used 9118K, capacity 9717K, committed 9856K, reserved 1048576K
}
Event: 6.151 GC heap before
{Heap before GC invocations=15 (full 0):
 garbage-first heap   total 157696K, used 122035K [0x0000000080000000, 0x0000000100000000)
  region size 1024K, 71 young (72704K), 6 survivors (6144K)
 Metaspace       used 75717K, capacity 77466K, committed 77612K, reserved 1116160K
  class space    used 9964K, capacity 10616K, committed 10624K, reserved 1048576K
}
Event: 6.156 GC heap after
{Heap after GC invocations=16 (full 0):
 garbage-first heap   total 157696K, used 59606K [0x0000000080000000, 0x0000000100000000)
  region size 1024K, 5 young (5120K), 5 survivors (5120K)
 Metaspace       used 75717K, capacity 77466K, committed 77612K, reserved 1116160K
  class space    used 9964K, capacity 10616K, committed 10624K, reserved 1048576K
}
Event: 6.676 GC heap before
{Heap before GC invocations=16 (full 0):
 garbage-first heap   total 157696K, used 123094K [0x0000000080000000, 0x0000000100000000)
  region size 1024K, 68 young (69632K), 5 survivors (5120K)
 Metaspace       used 80996K, capacity 83102K, committed 83244K, reserved 1120256K
  class space    used 10762K, capacity 11598K, committed 11648K, reserved 1048576K
}
Event: 6.682 GC heap after
{Heap after GC invocations=17 (full 0):
 garbage-first heap   total 157696K, used 64096K [0x0000000080000000, 0x0000000100000000)
  region size 1024K, 9 young (9216K), 9 survivors (9216K)
 Metaspace       used 80996K, capacity 83102K, committed 83244K, reserved 1120256K
  class space    used 10762K, capacity 11598K, committed 11648K, reserved 1048576K
}
Event: 6.991 GC heap before
{Heap before GC invocations=17 (full 0):
 garbage-first heap   total 157696K, used 125536K [0x0000000080000000, 0x0000000100000000)
  region size 1024K, 70 young (71680K), 9 survivors (9216K)
 Metaspace       used 81989K, capacity 84240K, committed 84396K, reserved 1122304K
  class space    used 10845K, capacity 11713K, committed 11776K, reserved 1048576K
}
Event: 6.997 GC heap after
{Heap after GC invocations=18 (full 0):
 garbage-first heap   total 157696K, used 68456K [0x0000000080000000, 0x0000000100000000)
  region size 1024K, 9 young (9216K), 9 survivors (9216K)
 Metaspace       used 81989K, capacity 84240K, committed 84396K, reserved 1122304K
  class space    used 10845K, capacity 11713K, committed 11776K, reserved 1048576K
}
Event: 7.186 GC heap before
{Heap before GC invocations=18 (full 0):
 garbage-first heap   total 157696K, used 126824K [0x0000000080000000, 0x0000000100000000)
  region size 1024K, 67 young (68608K), 9 survivors (9216K)
 Metaspace       used 84318K, capacity 86627K, committed 86956K, reserved 1124352K
  class space    used 11083K, capacity 11958K, committed 12032K, reserved 1048576K
}
Event: 7.192 GC heap after
{Heap after GC invocations=19 (full 0):
 garbage-first heap   total 157696K, used 71691K [0x0000000080000000, 0x0000000100000000)
  region size 1024K, 8 young (8192K), 8 survivors (8192K)
 Metaspace       used 84318K, capacity 86627K, committed 86956K, reserved 1124352K
  class space    used 11083K, capacity 11958K, committed 12032K, reserved 1048576K
}
Event: 7.387 GC heap before
{Heap before GC invocations=19 (full 0):
 garbage-first heap   total 157696K, used 131083K [0x0000000080000000, 0x0000000100000000)
  region size 1024K, 61 young (62464K), 8 survivors (8192K)
 Metaspace       used 89470K, capacity 91797K, committed 91948K, reserved 1128448K
  class space    used 11738K, capacity 12595K, committed 12672K, reserved 1048576K
}
Event: 7.393 GC heap after
{Heap after GC invocations=20 (full 0):
 garbage-first heap   total 157696K, used 83926K [0x0000000080000000, 0x0000000100000000)
  region size 1024K, 8 young (8192K), 8 survivors (8192K)
 Metaspace       used 89470K, capacity 91797K, committed 91948K, reserved 1128448K
  class space    used 11738K, capacity 12595K, committed 12672K, reserved 1048576K
}

